{"C:\\Users\\user\\Documents\\GitHub\\AprenTIC_API_Proyecto03\\src\\app.js": {"path":"C:\\Users\\user\\Documents\\GitHub\\AprenTIC_API_Proyecto03\\src\\app.js","statementMap":{"0":{"start":{"line":1,"column":16},"end":{"line":1,"column":34}},"1":{"start":{"line":2,"column":21},"end":{"line":2,"column":38}},"2":{"start":{"line":3,"column":22},"end":{"line":3,"column":47}},"3":{"start":{"line":4,"column":18},"end":{"line":4,"column":47}},"4":{"start":{"line":7,"column":19},"end":{"line":7,"column":49}},"5":{"start":{"line":8,"column":20},"end":{"line":8,"column":51}},"6":{"start":{"line":9,"column":23},"end":{"line":9,"column":57}},"7":{"start":{"line":10,"column":21},"end":{"line":10,"column":53}},"8":{"start":{"line":11,"column":20},"end":{"line":11,"column":51}},"9":{"start":{"line":12,"column":23},"end":{"line":12,"column":57}},"10":{"start":{"line":13,"column":19},"end":{"line":13,"column":49}},"11":{"start":{"line":15,"column":13},"end":{"line":15,"column":28}},"12":{"start":{"line":17,"column":12},"end":{"line":17,"column":21}},"13":{"start":{"line":18,"column":0},"end":{"line":18,"column":24}},"14":{"start":{"line":22,"column":2},"end":{"line":22,"column":72}},"15":{"start":{"line":23,"column":2},"end":{"line":23,"column":9}},"16":{"start":{"line":25,"column":0},"end":{"line":25,"column":16}},"17":{"start":{"line":28,"column":0},"end":{"line":28,"column":70}},"18":{"start":{"line":31,"column":0},"end":{"line":31,"column":29}},"19":{"start":{"line":32,"column":0},"end":{"line":32,"column":31}},"20":{"start":{"line":33,"column":0},"end":{"line":33,"column":37}},"21":{"start":{"line":34,"column":0},"end":{"line":34,"column":33}},"22":{"start":{"line":35,"column":0},"end":{"line":35,"column":31}},"23":{"start":{"line":36,"column":0},"end":{"line":36,"column":37}},"24":{"start":{"line":37,"column":0},"end":{"line":37,"column":29}},"25":{"start":{"line":39,"column":0},"end":{"line":41,"column":3}},"26":{"start":{"line":40,"column":2},"end":{"line":40,"column":56}},"27":{"start":{"line":43,"column":0},"end":{"line":48,"column":3}},"28":{"start":{"line":44,"column":2},"end":{"line":44,"column":27}},"29":{"start":{"line":45,"column":2},"end":{"line":47,"column":5}},"30":{"start":{"line":50,"column":0},"end":{"line":50,"column":21}}},"fnMap":{"0":{"name":"logger","decl":{"start":{"line":21,"column":9},"end":{"line":21,"column":15}},"loc":{"start":{"line":21,"column":32},"end":{"line":24,"column":1}},"line":21},"1":{"name":"(anonymous_1)","decl":{"start":{"line":39,"column":8},"end":{"line":39,"column":9}},"loc":{"start":{"line":39,"column":22},"end":{"line":41,"column":1}},"line":39},"2":{"name":"(anonymous_2)","decl":{"start":{"line":43,"column":8},"end":{"line":43,"column":9}},"loc":{"start":{"line":43,"column":33},"end":{"line":48,"column":1}},"line":43}},"branchMap":{"0":{"loc":{"start":{"line":45,"column":13},"end":{"line":45,"column":30}},"type":"binary-expr","locations":[{"start":{"line":45,"column":13},"end":{"line":45,"column":23}},{"start":{"line":45,"column":27},"end":{"line":45,"column":30}}],"line":45},"1":{"loc":{"start":{"line":46,"column":11},"end":{"line":46,"column":54}},"type":"binary-expr","locations":[{"start":{"line":46,"column":11},"end":{"line":46,"column":22}},{"start":{"line":46,"column":26},"end":{"line":46,"column":54}}],"line":46}},"s":{"0":1,"1":1,"2":1,"3":1,"4":1,"5":1,"6":1,"7":1,"8":1,"9":1,"10":1,"11":1,"12":1,"13":1,"14":2,"15":2,"16":1,"17":1,"18":1,"19":1,"20":1,"21":1,"22":1,"23":1,"24":1,"25":1,"26":0,"27":1,"28":0,"29":0,"30":1},"f":{"0":2,"1":0,"2":0},"b":{"0":[0,0],"1":[0,0]},"_coverageSchema":"1a1c01bbd47fc00a2c39e90264f33305004495a9","hash":"9cfd78e2b6a20e97d72f234396e10331a33d78a2"}
,"C:\\Users\\user\\Documents\\GitHub\\AprenTIC_API_Proyecto03\\src\\controllers\\adminController.js": {"path":"C:\\Users\\user\\Documents\\GitHub\\AprenTIC_API_Proyecto03\\src\\controllers\\adminController.js","statementMap":{"0":{"start":{"line":1,"column":21},"end":{"line":1,"column":56}},"1":{"start":{"line":3,"column":0},"end":{"line":15,"column":2}},"2":{"start":{"line":4,"column":2},"end":{"line":14,"column":3}},"3":{"start":{"line":5,"column":4},"end":{"line":9,"column":5}},"4":{"start":{"line":6,"column":20},"end":{"line":6,"column":67}},"5":{"start":{"line":7,"column":6},"end":{"line":7,"column":94}},"6":{"start":{"line":7,"column":18},"end":{"line":7,"column":94}},"7":{"start":{"line":8,"column":6},"end":{"line":8,"column":29}},"8":{"start":{"line":10,"column":18},"end":{"line":10,"column":45}},"9":{"start":{"line":11,"column":4},"end":{"line":11,"column":20}},"10":{"start":{"line":13,"column":4},"end":{"line":13,"column":14}},"11":{"start":{"line":17,"column":0},"end":{"line":24,"column":2}},"12":{"start":{"line":18,"column":2},"end":{"line":23,"column":3}},"13":{"start":{"line":19,"column":18},"end":{"line":19,"column":53}},"14":{"start":{"line":20,"column":4},"end":{"line":20,"column":32}},"15":{"start":{"line":22,"column":4},"end":{"line":22,"column":14}},"16":{"start":{"line":26,"column":0},"end":{"line":34,"column":2}},"17":{"start":{"line":27,"column":2},"end":{"line":33,"column":3}},"18":{"start":{"line":28,"column":25},"end":{"line":28,"column":75}},"19":{"start":{"line":29,"column":4},"end":{"line":29,"column":85}},"20":{"start":{"line":29,"column":23},"end":{"line":29,"column":85}},"21":{"start":{"line":30,"column":4},"end":{"line":30,"column":27}},"22":{"start":{"line":32,"column":4},"end":{"line":32,"column":14}},"23":{"start":{"line":36,"column":0},"end":{"line":44,"column":2}},"24":{"start":{"line":37,"column":2},"end":{"line":43,"column":3}},"25":{"start":{"line":38,"column":20},"end":{"line":38,"column":60}},"26":{"start":{"line":39,"column":4},"end":{"line":39,"column":80}},"27":{"start":{"line":39,"column":18},"end":{"line":39,"column":80}},"28":{"start":{"line":40,"column":4},"end":{"line":40,"column":22}},"29":{"start":{"line":42,"column":4},"end":{"line":42,"column":14}}},"fnMap":{"0":{"name":"(anonymous_0)","decl":{"start":{"line":3,"column":19},"end":{"line":3,"column":20}},"loc":{"start":{"line":3,"column":45},"end":{"line":15,"column":1}},"line":3},"1":{"name":"(anonymous_1)","decl":{"start":{"line":17,"column":22},"end":{"line":17,"column":23}},"loc":{"start":{"line":17,"column":48},"end":{"line":24,"column":1}},"line":17},"2":{"name":"(anonymous_2)","decl":{"start":{"line":26,"column":22},"end":{"line":26,"column":23}},"loc":{"start":{"line":26,"column":48},"end":{"line":34,"column":1}},"line":26},"3":{"name":"(anonymous_3)","decl":{"start":{"line":36,"column":22},"end":{"line":36,"column":23}},"loc":{"start":{"line":36,"column":48},"end":{"line":44,"column":1}},"line":36}},"branchMap":{"0":{"loc":{"start":{"line":5,"column":4},"end":{"line":9,"column":5}},"type":"if","locations":[{"start":{"line":5,"column":4},"end":{"line":9,"column":5}},{"start":{},"end":{}}],"line":5},"1":{"loc":{"start":{"line":7,"column":6},"end":{"line":7,"column":94}},"type":"if","locations":[{"start":{"line":7,"column":6},"end":{"line":7,"column":94}},{"start":{},"end":{}}],"line":7},"2":{"loc":{"start":{"line":29,"column":4},"end":{"line":29,"column":85}},"type":"if","locations":[{"start":{"line":29,"column":4},"end":{"line":29,"column":85}},{"start":{},"end":{}}],"line":29},"3":{"loc":{"start":{"line":39,"column":4},"end":{"line":39,"column":80}},"type":"if","locations":[{"start":{"line":39,"column":4},"end":{"line":39,"column":80}},{"start":{},"end":{}}],"line":39}},"s":{"0":1,"1":1,"2":0,"3":0,"4":0,"5":0,"6":0,"7":0,"8":0,"9":0,"10":0,"11":1,"12":0,"13":0,"14":0,"15":0,"16":1,"17":0,"18":0,"19":0,"20":0,"21":0,"22":0,"23":1,"24":0,"25":0,"26":0,"27":0,"28":0,"29":0},"f":{"0":0,"1":0,"2":0,"3":0},"b":{"0":[0,0],"1":[0,0],"2":[0,0],"3":[0,0]},"_coverageSchema":"1a1c01bbd47fc00a2c39e90264f33305004495a9","hash":"76003571cd115c10206d316ae3f89f5a2b0d6e29"}
,"C:\\Users\\user\\Documents\\GitHub\\AprenTIC_API_Proyecto03\\src\\controllers\\alumnoController.js": {"path":"C:\\Users\\user\\Documents\\GitHub\\AprenTIC_API_Proyecto03\\src\\controllers\\alumnoController.js","statementMap":{"0":{"start":{"line":1,"column":22},"end":{"line":1,"column":58}},"1":{"start":{"line":3,"column":0},"end":{"line":15,"column":2}},"2":{"start":{"line":4,"column":2},"end":{"line":14,"column":3}},"3":{"start":{"line":5,"column":4},"end":{"line":9,"column":5}},"4":{"start":{"line":6,"column":21},"end":{"line":6,"column":69}},"5":{"start":{"line":7,"column":6},"end":{"line":7,"column":96}},"6":{"start":{"line":7,"column":19},"end":{"line":7,"column":96}},"7":{"start":{"line":8,"column":6},"end":{"line":8,"column":30}},"8":{"start":{"line":10,"column":19},"end":{"line":10,"column":47}},"9":{"start":{"line":11,"column":4},"end":{"line":11,"column":21}},"10":{"start":{"line":13,"column":4},"end":{"line":13,"column":14}},"11":{"start":{"line":17,"column":0},"end":{"line":24,"column":2}},"12":{"start":{"line":18,"column":2},"end":{"line":23,"column":3}},"13":{"start":{"line":19,"column":19},"end":{"line":19,"column":61}},"14":{"start":{"line":20,"column":4},"end":{"line":20,"column":21}},"15":{"start":{"line":22,"column":4},"end":{"line":22,"column":14}},"16":{"start":{"line":26,"column":0},"end":{"line":33,"column":2}},"17":{"start":{"line":27,"column":2},"end":{"line":32,"column":3}},"18":{"start":{"line":28,"column":19},"end":{"line":28,"column":55}},"19":{"start":{"line":29,"column":4},"end":{"line":29,"column":33}},"20":{"start":{"line":31,"column":4},"end":{"line":31,"column":14}},"21":{"start":{"line":35,"column":0},"end":{"line":42,"column":2}},"22":{"start":{"line":36,"column":2},"end":{"line":41,"column":3}},"23":{"start":{"line":37,"column":19},"end":{"line":37,"column":70}},"24":{"start":{"line":38,"column":4},"end":{"line":38,"column":21}},"25":{"start":{"line":40,"column":4},"end":{"line":40,"column":14}},"26":{"start":{"line":44,"column":0},"end":{"line":51,"column":2}},"27":{"start":{"line":45,"column":2},"end":{"line":50,"column":3}},"28":{"start":{"line":46,"column":4},"end":{"line":46,"column":46}},"29":{"start":{"line":47,"column":4},"end":{"line":47,"column":46}},"30":{"start":{"line":49,"column":4},"end":{"line":49,"column":14}}},"fnMap":{"0":{"name":"(anonymous_0)","decl":{"start":{"line":3,"column":20},"end":{"line":3,"column":21}},"loc":{"start":{"line":3,"column":46},"end":{"line":15,"column":1}},"line":3},"1":{"name":"(anonymous_1)","decl":{"start":{"line":17,"column":24},"end":{"line":17,"column":25}},"loc":{"start":{"line":17,"column":50},"end":{"line":24,"column":1}},"line":17},"2":{"name":"(anonymous_2)","decl":{"start":{"line":26,"column":23},"end":{"line":26,"column":24}},"loc":{"start":{"line":26,"column":49},"end":{"line":33,"column":1}},"line":26},"3":{"name":"(anonymous_3)","decl":{"start":{"line":35,"column":23},"end":{"line":35,"column":24}},"loc":{"start":{"line":35,"column":49},"end":{"line":42,"column":1}},"line":35},"4":{"name":"(anonymous_4)","decl":{"start":{"line":44,"column":23},"end":{"line":44,"column":24}},"loc":{"start":{"line":44,"column":49},"end":{"line":51,"column":1}},"line":44}},"branchMap":{"0":{"loc":{"start":{"line":5,"column":4},"end":{"line":9,"column":5}},"type":"if","locations":[{"start":{"line":5,"column":4},"end":{"line":9,"column":5}},{"start":{},"end":{}}],"line":5},"1":{"loc":{"start":{"line":7,"column":6},"end":{"line":7,"column":96}},"type":"if","locations":[{"start":{"line":7,"column":6},"end":{"line":7,"column":96}},{"start":{},"end":{}}],"line":7}},"s":{"0":1,"1":1,"2":0,"3":0,"4":0,"5":0,"6":0,"7":0,"8":0,"9":0,"10":0,"11":1,"12":0,"13":0,"14":0,"15":0,"16":1,"17":0,"18":0,"19":0,"20":0,"21":1,"22":0,"23":0,"24":0,"25":0,"26":1,"27":0,"28":0,"29":0,"30":0},"f":{"0":0,"1":0,"2":0,"3":0,"4":0},"b":{"0":[0,0],"1":[0,0]},"_coverageSchema":"1a1c01bbd47fc00a2c39e90264f33305004495a9","hash":"c6320e5f3561c2db1ad9a8e35b45b04231d82915"}
,"C:\\Users\\user\\Documents\\GitHub\\AprenTIC_API_Proyecto03\\src\\controllers\\authController.js": {"path":"C:\\Users\\user\\Documents\\GitHub\\AprenTIC_API_Proyecto03\\src\\controllers\\authController.js","statementMap":{"0":{"start":{"line":1,"column":15},"end":{"line":1,"column":32}},"1":{"start":{"line":2,"column":12},"end":{"line":2,"column":35}},"2":{"start":{"line":3,"column":20},"end":{"line":3,"column":54}},"3":{"start":{"line":5,"column":0},"end":{"line":32,"column":2}},"4":{"start":{"line":6,"column":2},"end":{"line":31,"column":3}},"5":{"start":{"line":7,"column":56},"end":{"line":7,"column":64}},"6":{"start":{"line":9,"column":4},"end":{"line":11,"column":5}},"7":{"start":{"line":10,"column":6},"end":{"line":10,"column":68}},"8":{"start":{"line":13,"column":17},"end":{"line":13,"column":48}},"9":{"start":{"line":15,"column":17},"end":{"line":21,"column":6}},"10":{"start":{"line":22,"column":4},"end":{"line":28,"column":7}},"11":{"start":{"line":30,"column":4},"end":{"line":30,"column":12}},"12":{"start":{"line":34,"column":0},"end":{"line":62,"column":2}},"13":{"start":{"line":35,"column":2},"end":{"line":61,"column":3}},"14":{"start":{"line":36,"column":32},"end":{"line":36,"column":40}},"15":{"start":{"line":37,"column":17},"end":{"line":37,"column":56}},"16":{"start":{"line":39,"column":4},"end":{"line":39,"column":80}},"17":{"start":{"line":39,"column":15},"end":{"line":39,"column":80}},"18":{"start":{"line":41,"column":15},"end":{"line":41,"column":60}},"19":{"start":{"line":42,"column":4},"end":{"line":42,"column":79}},"20":{"start":{"line":42,"column":13},"end":{"line":42,"column":79}},"21":{"start":{"line":44,"column":18},"end":{"line":48,"column":5}},"22":{"start":{"line":49,"column":4},"end":{"line":58,"column":7}},"23":{"start":{"line":60,"column":4},"end":{"line":60,"column":12}}},"fnMap":{"0":{"name":"(anonymous_0)","decl":{"start":{"line":5,"column":19},"end":{"line":5,"column":20}},"loc":{"start":{"line":5,"column":45},"end":{"line":32,"column":1}},"line":5},"1":{"name":"(anonymous_1)","decl":{"start":{"line":34,"column":16},"end":{"line":34,"column":17}},"loc":{"start":{"line":34,"column":42},"end":{"line":62,"column":1}},"line":34}},"branchMap":{"0":{"loc":{"start":{"line":9,"column":4},"end":{"line":11,"column":5}},"type":"if","locations":[{"start":{"line":9,"column":4},"end":{"line":11,"column":5}},{"start":{},"end":{}}],"line":9},"1":{"loc":{"start":{"line":39,"column":4},"end":{"line":39,"column":80}},"type":"if","locations":[{"start":{"line":39,"column":4},"end":{"line":39,"column":80}},{"start":{},"end":{}}],"line":39},"2":{"loc":{"start":{"line":42,"column":4},"end":{"line":42,"column":79}},"type":"if","locations":[{"start":{"line":42,"column":4},"end":{"line":42,"column":79}},{"start":{},"end":{}}],"line":42}},"s":{"0":1,"1":1,"2":1,"3":1,"4":1,"5":1,"6":1,"7":0,"8":1,"9":1,"10":1,"11":0,"12":1,"13":0,"14":0,"15":0,"16":0,"17":0,"18":0,"19":0,"20":0,"21":0,"22":0,"23":0},"f":{"0":1,"1":0},"b":{"0":[0,1],"1":[0,0],"2":[0,0]},"_coverageSchema":"1a1c01bbd47fc00a2c39e90264f33305004495a9","hash":"b96de341ca85236004a4bace5f73875527f68986"}
,"C:\\Users\\user\\Documents\\GitHub\\AprenTIC_API_Proyecto03\\src\\controllers\\cursoController.js": {"path":"C:\\Users\\user\\Documents\\GitHub\\AprenTIC_API_Proyecto03\\src\\controllers\\cursoController.js","statementMap":{"0":{"start":{"line":1,"column":21},"end":{"line":1,"column":56}},"1":{"start":{"line":3,"column":0},"end":{"line":10,"column":2}},"2":{"start":{"line":4,"column":2},"end":{"line":9,"column":3}},"3":{"start":{"line":5,"column":19},"end":{"line":5,"column":46}},"4":{"start":{"line":6,"column":4},"end":{"line":6,"column":21}},"5":{"start":{"line":8,"column":4},"end":{"line":8,"column":14}},"6":{"start":{"line":12,"column":0},"end":{"line":19,"column":2}},"7":{"start":{"line":13,"column":2},"end":{"line":18,"column":3}},"8":{"start":{"line":14,"column":18},"end":{"line":14,"column":59}},"9":{"start":{"line":15,"column":4},"end":{"line":15,"column":20}},"10":{"start":{"line":17,"column":4},"end":{"line":17,"column":14}},"11":{"start":{"line":21,"column":0},"end":{"line":28,"column":2}},"12":{"start":{"line":22,"column":2},"end":{"line":27,"column":3}},"13":{"start":{"line":23,"column":18},"end":{"line":23,"column":53}},"14":{"start":{"line":24,"column":4},"end":{"line":24,"column":32}},"15":{"start":{"line":26,"column":4},"end":{"line":26,"column":14}},"16":{"start":{"line":30,"column":0},"end":{"line":38,"column":2}},"17":{"start":{"line":31,"column":2},"end":{"line":37,"column":3}},"18":{"start":{"line":32,"column":25},"end":{"line":32,"column":75}},"19":{"start":{"line":33,"column":4},"end":{"line":33,"column":85}},"20":{"start":{"line":33,"column":23},"end":{"line":33,"column":85}},"21":{"start":{"line":34,"column":4},"end":{"line":34,"column":27}},"22":{"start":{"line":36,"column":4},"end":{"line":36,"column":14}},"23":{"start":{"line":40,"column":0},"end":{"line":48,"column":2}},"24":{"start":{"line":41,"column":2},"end":{"line":47,"column":3}},"25":{"start":{"line":42,"column":20},"end":{"line":42,"column":60}},"26":{"start":{"line":43,"column":4},"end":{"line":43,"column":80}},"27":{"start":{"line":43,"column":18},"end":{"line":43,"column":80}},"28":{"start":{"line":44,"column":4},"end":{"line":44,"column":22}},"29":{"start":{"line":46,"column":4},"end":{"line":46,"column":14}}},"fnMap":{"0":{"name":"(anonymous_0)","decl":{"start":{"line":3,"column":20},"end":{"line":3,"column":21}},"loc":{"start":{"line":3,"column":46},"end":{"line":10,"column":1}},"line":3},"1":{"name":"(anonymous_1)","decl":{"start":{"line":12,"column":23},"end":{"line":12,"column":24}},"loc":{"start":{"line":12,"column":49},"end":{"line":19,"column":1}},"line":12},"2":{"name":"(anonymous_2)","decl":{"start":{"line":21,"column":22},"end":{"line":21,"column":23}},"loc":{"start":{"line":21,"column":48},"end":{"line":28,"column":1}},"line":21},"3":{"name":"(anonymous_3)","decl":{"start":{"line":30,"column":22},"end":{"line":30,"column":23}},"loc":{"start":{"line":30,"column":48},"end":{"line":38,"column":1}},"line":30},"4":{"name":"(anonymous_4)","decl":{"start":{"line":40,"column":22},"end":{"line":40,"column":23}},"loc":{"start":{"line":40,"column":48},"end":{"line":48,"column":1}},"line":40}},"branchMap":{"0":{"loc":{"start":{"line":33,"column":4},"end":{"line":33,"column":85}},"type":"if","locations":[{"start":{"line":33,"column":4},"end":{"line":33,"column":85}},{"start":{},"end":{}}],"line":33},"1":{"loc":{"start":{"line":43,"column":4},"end":{"line":43,"column":80}},"type":"if","locations":[{"start":{"line":43,"column":4},"end":{"line":43,"column":80}},{"start":{},"end":{}}],"line":43}},"s":{"0":1,"1":1,"2":0,"3":0,"4":0,"5":0,"6":1,"7":0,"8":0,"9":0,"10":0,"11":1,"12":0,"13":0,"14":0,"15":0,"16":1,"17":0,"18":0,"19":0,"20":0,"21":0,"22":0,"23":1,"24":0,"25":0,"26":0,"27":0,"28":0,"29":0},"f":{"0":0,"1":0,"2":0,"3":0,"4":0},"b":{"0":[0,0],"1":[0,0]},"_coverageSchema":"1a1c01bbd47fc00a2c39e90264f33305004495a9","hash":"f0fa1e5847bbc80a631795e7c5bae30b66507cc3"}
,"C:\\Users\\user\\Documents\\GitHub\\AprenTIC_API_Proyecto03\\src\\controllers\\notaController.js": {"path":"C:\\Users\\user\\Documents\\GitHub\\AprenTIC_API_Proyecto03\\src\\controllers\\notaController.js","statementMap":{"0":{"start":{"line":1,"column":20},"end":{"line":1,"column":54}},"1":{"start":{"line":3,"column":0},"end":{"line":10,"column":2}},"2":{"start":{"line":4,"column":2},"end":{"line":9,"column":3}},"3":{"start":{"line":5,"column":18},"end":{"line":5,"column":44}},"4":{"start":{"line":6,"column":4},"end":{"line":6,"column":20}},"5":{"start":{"line":8,"column":4},"end":{"line":8,"column":14}},"6":{"start":{"line":12,"column":0},"end":{"line":19,"column":2}},"7":{"start":{"line":13,"column":2},"end":{"line":18,"column":3}},"8":{"start":{"line":14,"column":17},"end":{"line":14,"column":57}},"9":{"start":{"line":15,"column":4},"end":{"line":15,"column":19}},"10":{"start":{"line":17,"column":4},"end":{"line":17,"column":14}},"11":{"start":{"line":21,"column":0},"end":{"line":28,"column":2}},"12":{"start":{"line":22,"column":2},"end":{"line":27,"column":3}},"13":{"start":{"line":23,"column":17},"end":{"line":23,"column":51}},"14":{"start":{"line":24,"column":4},"end":{"line":24,"column":31}},"15":{"start":{"line":26,"column":4},"end":{"line":26,"column":14}},"16":{"start":{"line":30,"column":0},"end":{"line":38,"column":2}},"17":{"start":{"line":31,"column":2},"end":{"line":37,"column":3}},"18":{"start":{"line":32,"column":24},"end":{"line":32,"column":73}},"19":{"start":{"line":33,"column":4},"end":{"line":33,"column":83}},"20":{"start":{"line":33,"column":22},"end":{"line":33,"column":83}},"21":{"start":{"line":34,"column":4},"end":{"line":34,"column":26}},"22":{"start":{"line":36,"column":4},"end":{"line":36,"column":14}},"23":{"start":{"line":40,"column":0},"end":{"line":48,"column":2}},"24":{"start":{"line":41,"column":2},"end":{"line":47,"column":3}},"25":{"start":{"line":42,"column":20},"end":{"line":42,"column":59}},"26":{"start":{"line":43,"column":4},"end":{"line":43,"column":79}},"27":{"start":{"line":43,"column":18},"end":{"line":43,"column":79}},"28":{"start":{"line":44,"column":4},"end":{"line":44,"column":22}},"29":{"start":{"line":46,"column":4},"end":{"line":46,"column":14}}},"fnMap":{"0":{"name":"(anonymous_0)","decl":{"start":{"line":3,"column":19},"end":{"line":3,"column":20}},"loc":{"start":{"line":3,"column":45},"end":{"line":10,"column":1}},"line":3},"1":{"name":"(anonymous_1)","decl":{"start":{"line":12,"column":22},"end":{"line":12,"column":23}},"loc":{"start":{"line":12,"column":48},"end":{"line":19,"column":1}},"line":12},"2":{"name":"(anonymous_2)","decl":{"start":{"line":21,"column":21},"end":{"line":21,"column":22}},"loc":{"start":{"line":21,"column":47},"end":{"line":28,"column":1}},"line":21},"3":{"name":"(anonymous_3)","decl":{"start":{"line":30,"column":21},"end":{"line":30,"column":22}},"loc":{"start":{"line":30,"column":47},"end":{"line":38,"column":1}},"line":30},"4":{"name":"(anonymous_4)","decl":{"start":{"line":40,"column":21},"end":{"line":40,"column":22}},"loc":{"start":{"line":40,"column":47},"end":{"line":48,"column":1}},"line":40}},"branchMap":{"0":{"loc":{"start":{"line":33,"column":4},"end":{"line":33,"column":83}},"type":"if","locations":[{"start":{"line":33,"column":4},"end":{"line":33,"column":83}},{"start":{},"end":{}}],"line":33},"1":{"loc":{"start":{"line":43,"column":4},"end":{"line":43,"column":79}},"type":"if","locations":[{"start":{"line":43,"column":4},"end":{"line":43,"column":79}},{"start":{},"end":{}}],"line":43}},"s":{"0":1,"1":1,"2":0,"3":0,"4":0,"5":0,"6":1,"7":0,"8":0,"9":0,"10":0,"11":1,"12":0,"13":0,"14":0,"15":0,"16":1,"17":0,"18":0,"19":0,"20":0,"21":0,"22":0,"23":1,"24":0,"25":0,"26":0,"27":0,"28":0,"29":0},"f":{"0":0,"1":0,"2":0,"3":0,"4":0},"b":{"0":[0,0],"1":[0,0]},"_coverageSchema":"1a1c01bbd47fc00a2c39e90264f33305004495a9","hash":"4dba900b7d0452cb717d1c0d37eee2792c38f1d4"}
,"C:\\Users\\user\\Documents\\GitHub\\AprenTIC_API_Proyecto03\\src\\controllers\\profesorController.js": {"path":"C:\\Users\\user\\Documents\\GitHub\\AprenTIC_API_Proyecto03\\src\\controllers\\profesorController.js","statementMap":{"0":{"start":{"line":1,"column":24},"end":{"line":1,"column":62}},"1":{"start":{"line":3,"column":0},"end":{"line":10,"column":2}},"2":{"start":{"line":4,"column":2},"end":{"line":9,"column":3}},"3":{"start":{"line":5,"column":21},"end":{"line":5,"column":51}},"4":{"start":{"line":6,"column":4},"end":{"line":6,"column":23}},"5":{"start":{"line":8,"column":4},"end":{"line":8,"column":14}},"6":{"start":{"line":12,"column":0},"end":{"line":25,"column":2}},"7":{"start":{"line":13,"column":2},"end":{"line":24,"column":3}},"8":{"start":{"line":14,"column":4},"end":{"line":19,"column":5}},"9":{"start":{"line":15,"column":23},"end":{"line":15,"column":73}},"10":{"start":{"line":16,"column":6},"end":{"line":17,"column":87}},"11":{"start":{"line":17,"column":8},"end":{"line":17,"column":87}},"12":{"start":{"line":18,"column":6},"end":{"line":18,"column":32}},"13":{"start":{"line":20,"column":21},"end":{"line":20,"column":51}},"14":{"start":{"line":21,"column":4},"end":{"line":21,"column":23}},"15":{"start":{"line":23,"column":4},"end":{"line":23,"column":14}},"16":{"start":{"line":27,"column":0},"end":{"line":34,"column":2}},"17":{"start":{"line":28,"column":2},"end":{"line":33,"column":3}},"18":{"start":{"line":29,"column":21},"end":{"line":29,"column":59}},"19":{"start":{"line":30,"column":4},"end":{"line":30,"column":35}},"20":{"start":{"line":32,"column":4},"end":{"line":32,"column":14}},"21":{"start":{"line":36,"column":0},"end":{"line":45,"column":2}},"22":{"start":{"line":37,"column":2},"end":{"line":44,"column":3}},"23":{"start":{"line":38,"column":28},"end":{"line":38,"column":81}},"24":{"start":{"line":39,"column":4},"end":{"line":40,"column":71}},"25":{"start":{"line":40,"column":6},"end":{"line":40,"column":71}},"26":{"start":{"line":41,"column":4},"end":{"line":41,"column":30}},"27":{"start":{"line":43,"column":4},"end":{"line":43,"column":14}},"28":{"start":{"line":47,"column":0},"end":{"line":56,"column":2}},"29":{"start":{"line":48,"column":2},"end":{"line":55,"column":3}},"30":{"start":{"line":49,"column":20},"end":{"line":49,"column":63}},"31":{"start":{"line":50,"column":4},"end":{"line":51,"column":71}},"32":{"start":{"line":51,"column":6},"end":{"line":51,"column":71}},"33":{"start":{"line":52,"column":4},"end":{"line":52,"column":22}},"34":{"start":{"line":54,"column":4},"end":{"line":54,"column":14}}},"fnMap":{"0":{"name":"(anonymous_0)","decl":{"start":{"line":3,"column":22},"end":{"line":3,"column":23}},"loc":{"start":{"line":3,"column":48},"end":{"line":10,"column":1}},"line":3},"1":{"name":"(anonymous_1)","decl":{"start":{"line":12,"column":29},"end":{"line":12,"column":30}},"loc":{"start":{"line":12,"column":55},"end":{"line":25,"column":1}},"line":12},"2":{"name":"(anonymous_2)","decl":{"start":{"line":27,"column":25},"end":{"line":27,"column":26}},"loc":{"start":{"line":27,"column":51},"end":{"line":34,"column":1}},"line":27},"3":{"name":"(anonymous_3)","decl":{"start":{"line":36,"column":25},"end":{"line":36,"column":26}},"loc":{"start":{"line":36,"column":51},"end":{"line":45,"column":1}},"line":36},"4":{"name":"(anonymous_4)","decl":{"start":{"line":47,"column":25},"end":{"line":47,"column":26}},"loc":{"start":{"line":47,"column":51},"end":{"line":56,"column":1}},"line":47}},"branchMap":{"0":{"loc":{"start":{"line":14,"column":4},"end":{"line":19,"column":5}},"type":"if","locations":[{"start":{"line":14,"column":4},"end":{"line":19,"column":5}},{"start":{},"end":{}}],"line":14},"1":{"loc":{"start":{"line":16,"column":6},"end":{"line":17,"column":87}},"type":"if","locations":[{"start":{"line":16,"column":6},"end":{"line":17,"column":87}},{"start":{},"end":{}}],"line":16},"2":{"loc":{"start":{"line":39,"column":4},"end":{"line":40,"column":71}},"type":"if","locations":[{"start":{"line":39,"column":4},"end":{"line":40,"column":71}},{"start":{},"end":{}}],"line":39},"3":{"loc":{"start":{"line":50,"column":4},"end":{"line":51,"column":71}},"type":"if","locations":[{"start":{"line":50,"column":4},"end":{"line":51,"column":71}},{"start":{},"end":{}}],"line":50}},"s":{"0":1,"1":1,"2":0,"3":0,"4":0,"5":0,"6":1,"7":0,"8":0,"9":0,"10":0,"11":0,"12":0,"13":0,"14":0,"15":0,"16":1,"17":0,"18":0,"19":0,"20":0,"21":1,"22":0,"23":0,"24":0,"25":0,"26":0,"27":0,"28":1,"29":0,"30":0,"31":0,"32":0,"33":0,"34":0},"f":{"0":0,"1":0,"2":0,"3":0,"4":0},"b":{"0":[0,0],"1":[0,0],"2":[0,0],"3":[0,0]},"_coverageSchema":"1a1c01bbd47fc00a2c39e90264f33305004495a9","hash":"61632742d1e0cefff3edcf585117d68d73216081"}
,"C:\\Users\\user\\Documents\\GitHub\\AprenTIC_API_Proyecto03\\src\\controllers\\proyectoController.js": {"path":"C:\\Users\\user\\Documents\\GitHub\\AprenTIC_API_Proyecto03\\src\\controllers\\proyectoController.js","statementMap":{"0":{"start":{"line":1,"column":24},"end":{"line":1,"column":62}},"1":{"start":{"line":3,"column":0},"end":{"line":10,"column":2}},"2":{"start":{"line":4,"column":2},"end":{"line":9,"column":3}},"3":{"start":{"line":5,"column":22},"end":{"line":5,"column":52}},"4":{"start":{"line":6,"column":4},"end":{"line":6,"column":24}},"5":{"start":{"line":8,"column":4},"end":{"line":8,"column":14}},"6":{"start":{"line":12,"column":0},"end":{"line":19,"column":2}},"7":{"start":{"line":13,"column":2},"end":{"line":18,"column":3}},"8":{"start":{"line":14,"column":21},"end":{"line":14,"column":65}},"9":{"start":{"line":15,"column":4},"end":{"line":15,"column":23}},"10":{"start":{"line":17,"column":4},"end":{"line":17,"column":14}},"11":{"start":{"line":21,"column":0},"end":{"line":28,"column":2}},"12":{"start":{"line":22,"column":2},"end":{"line":27,"column":3}},"13":{"start":{"line":23,"column":21},"end":{"line":23,"column":59}},"14":{"start":{"line":24,"column":4},"end":{"line":24,"column":35}},"15":{"start":{"line":26,"column":4},"end":{"line":26,"column":14}},"16":{"start":{"line":30,"column":0},"end":{"line":38,"column":2}},"17":{"start":{"line":31,"column":2},"end":{"line":37,"column":3}},"18":{"start":{"line":32,"column":28},"end":{"line":32,"column":81}},"19":{"start":{"line":33,"column":4},"end":{"line":33,"column":91}},"20":{"start":{"line":33,"column":26},"end":{"line":33,"column":91}},"21":{"start":{"line":34,"column":4},"end":{"line":34,"column":30}},"22":{"start":{"line":36,"column":4},"end":{"line":36,"column":14}},"23":{"start":{"line":40,"column":0},"end":{"line":48,"column":2}},"24":{"start":{"line":41,"column":2},"end":{"line":47,"column":3}},"25":{"start":{"line":42,"column":20},"end":{"line":42,"column":63}},"26":{"start":{"line":43,"column":4},"end":{"line":43,"column":83}},"27":{"start":{"line":43,"column":18},"end":{"line":43,"column":83}},"28":{"start":{"line":44,"column":4},"end":{"line":44,"column":22}},"29":{"start":{"line":46,"column":4},"end":{"line":46,"column":14}}},"fnMap":{"0":{"name":"(anonymous_0)","decl":{"start":{"line":3,"column":23},"end":{"line":3,"column":24}},"loc":{"start":{"line":3,"column":49},"end":{"line":10,"column":1}},"line":3},"1":{"name":"(anonymous_1)","decl":{"start":{"line":12,"column":26},"end":{"line":12,"column":27}},"loc":{"start":{"line":12,"column":52},"end":{"line":19,"column":1}},"line":12},"2":{"name":"(anonymous_2)","decl":{"start":{"line":21,"column":25},"end":{"line":21,"column":26}},"loc":{"start":{"line":21,"column":51},"end":{"line":28,"column":1}},"line":21},"3":{"name":"(anonymous_3)","decl":{"start":{"line":30,"column":25},"end":{"line":30,"column":26}},"loc":{"start":{"line":30,"column":51},"end":{"line":38,"column":1}},"line":30},"4":{"name":"(anonymous_4)","decl":{"start":{"line":40,"column":25},"end":{"line":40,"column":26}},"loc":{"start":{"line":40,"column":51},"end":{"line":48,"column":1}},"line":40}},"branchMap":{"0":{"loc":{"start":{"line":33,"column":4},"end":{"line":33,"column":91}},"type":"if","locations":[{"start":{"line":33,"column":4},"end":{"line":33,"column":91}},{"start":{},"end":{}}],"line":33},"1":{"loc":{"start":{"line":43,"column":4},"end":{"line":43,"column":83}},"type":"if","locations":[{"start":{"line":43,"column":4},"end":{"line":43,"column":83}},{"start":{},"end":{}}],"line":43}},"s":{"0":1,"1":1,"2":0,"3":0,"4":0,"5":0,"6":1,"7":0,"8":0,"9":0,"10":0,"11":1,"12":0,"13":0,"14":0,"15":0,"16":1,"17":0,"18":0,"19":0,"20":0,"21":0,"22":0,"23":1,"24":0,"25":0,"26":0,"27":0,"28":0,"29":0},"f":{"0":0,"1":0,"2":0,"3":0,"4":0},"b":{"0":[0,0],"1":[0,0]},"_coverageSchema":"1a1c01bbd47fc00a2c39e90264f33305004495a9","hash":"c04129188eb49ac808f39c570e064d629136985c"}
,"C:\\Users\\user\\Documents\\GitHub\\AprenTIC_API_Proyecto03\\src\\docs\\swagger.js": {"path":"C:\\Users\\user\\Documents\\GitHub\\AprenTIC_API_Proyecto03\\src\\docs\\swagger.js","statementMap":{"0":{"start":{"line":1,"column":21},"end":{"line":1,"column":45}},"1":{"start":{"line":3,"column":16},"end":{"line":20,"column":1}},"2":{"start":{"line":22,"column":0},"end":{"line":22,"column":39}}},"fnMap":{},"branchMap":{},"s":{"0":1,"1":1,"2":1},"f":{},"b":{},"_coverageSchema":"1a1c01bbd47fc00a2c39e90264f33305004495a9","hash":"546a15da671339b5e213e2a043cc6bae9e80d0f6"}
,"C:\\Users\\user\\Documents\\GitHub\\AprenTIC_API_Proyecto03\\src\\middleware\\authRequired.js": {"path":"C:\\Users\\user\\Documents\\GitHub\\AprenTIC_API_Proyecto03\\src\\middleware\\authRequired.js","statementMap":{"0":{"start":{"line":1,"column":12},"end":{"line":1,"column":35}},"1":{"start":{"line":3,"column":0},"end":{"line":13,"column":2}},"2":{"start":{"line":4,"column":19},"end":{"line":4,"column":44}},"3":{"start":{"line":5,"column":4},"end":{"line":5,"column":69}},"4":{"start":{"line":5,"column":17},"end":{"line":5,"column":69}},"5":{"start":{"line":6,"column":4},"end":{"line":12,"column":5}},"6":{"start":{"line":7,"column":22},"end":{"line":7,"column":42}},"7":{"start":{"line":8,"column":8},"end":{"line":8,"column":61}},"8":{"start":{"line":9,"column":8},"end":{"line":9,"column":15}},"9":{"start":{"line":11,"column":8},"end":{"line":11,"column":69}}},"fnMap":{"0":{"name":"(anonymous_0)","decl":{"start":{"line":3,"column":17},"end":{"line":3,"column":18}},"loc":{"start":{"line":3,"column":37},"end":{"line":13,"column":1}},"line":3}},"branchMap":{"0":{"loc":{"start":{"line":5,"column":4},"end":{"line":5,"column":69}},"type":"if","locations":[{"start":{"line":5,"column":4},"end":{"line":5,"column":69}},{"start":{},"end":{}}],"line":5}},"s":{"0":1,"1":1,"2":0,"3":0,"4":0,"5":0,"6":0,"7":0,"8":0,"9":0},"f":{"0":0},"b":{"0":[0,0]},"_coverageSchema":"1a1c01bbd47fc00a2c39e90264f33305004495a9","hash":"5e1a84b38d2457794eaea05870dfb8e605b15a7c"}
,"C:\\Users\\user\\Documents\\GitHub\\AprenTIC_API_Proyecto03\\src\\middleware\\requireRole.js": {"path":"C:\\Users\\user\\Documents\\GitHub\\AprenTIC_API_Proyecto03\\src\\middleware\\requireRole.js","statementMap":{"0":{"start":{"line":1,"column":0},"end":{"line":6,"column":2}},"1":{"start":{"line":1,"column":41},"end":{"line":6,"column":1}},"2":{"start":{"line":2,"column":2},"end":{"line":4,"column":3}},"3":{"start":{"line":3,"column":4},"end":{"line":3,"column":75}},"4":{"start":{"line":5,"column":2},"end":{"line":5,"column":9}}},"fnMap":{"0":{"name":"(anonymous_0)","decl":{"start":{"line":1,"column":17},"end":{"line":1,"column":18}},"loc":{"start":{"line":1,"column":41},"end":{"line":6,"column":1}},"line":1},"1":{"name":"(anonymous_1)","decl":{"start":{"line":1,"column":41},"end":{"line":1,"column":42}},"loc":{"start":{"line":1,"column":61},"end":{"line":6,"column":1}},"line":1}},"branchMap":{"0":{"loc":{"start":{"line":2,"column":2},"end":{"line":4,"column":3}},"type":"if","locations":[{"start":{"line":2,"column":2},"end":{"line":4,"column":3}},{"start":{},"end":{}}],"line":2}},"s":{"0":2,"1":2,"2":2,"3":1,"4":1},"f":{"0":2,"1":2},"b":{"0":[1,1]},"_coverageSchema":"1a1c01bbd47fc00a2c39e90264f33305004495a9","hash":"f8e7fbe67405c1e7db482011e89ca4f40da53322"}
,"C:\\Users\\user\\Documents\\GitHub\\AprenTIC_API_Proyecto03\\src\\middleware\\validator.js": {"path":"C:\\Users\\user\\Documents\\GitHub\\AprenTIC_API_Proyecto03\\src\\middleware\\validator.js","statementMap":{"0":{"start":{"line":1,"column":27},"end":{"line":1,"column":56}},"1":{"start":{"line":3,"column":0},"end":{"line":10,"column":2}},"2":{"start":{"line":4,"column":18},"end":{"line":4,"column":40}},"3":{"start":{"line":5,"column":4},"end":{"line":8,"column":5}},"4":{"start":{"line":6,"column":8},"end":{"line":6,"column":63}},"5":{"start":{"line":9,"column":4},"end":{"line":9,"column":11}}},"fnMap":{"0":{"name":"(anonymous_0)","decl":{"start":{"line":3,"column":17},"end":{"line":3,"column":18}},"loc":{"start":{"line":3,"column":37},"end":{"line":10,"column":1}},"line":3}},"branchMap":{"0":{"loc":{"start":{"line":5,"column":4},"end":{"line":8,"column":5}},"type":"if","locations":[{"start":{"line":5,"column":4},"end":{"line":8,"column":5}},{"start":{},"end":{}}],"line":5}},"s":{"0":1,"1":1,"2":2,"3":2,"4":1,"5":1},"f":{"0":2},"b":{"0":[1,1]},"_coverageSchema":"1a1c01bbd47fc00a2c39e90264f33305004495a9","hash":"a83c0436d08d8da38cbda358af6ad76e0ed001b7"}
,"C:\\Users\\user\\Documents\\GitHub\\AprenTIC_API_Proyecto03\\src\\models\\Admin.js": {"path":"C:\\Users\\user\\Documents\\GitHub\\AprenTIC_API_Proyecto03\\src\\models\\Admin.js","statementMap":{"0":{"start":{"line":1,"column":17},"end":{"line":1,"column":36}},"1":{"start":{"line":3,"column":20},"end":{"line":14,"column":2}},"2":{"start":{"line":16,"column":0},"end":{"line":16,"column":63}}},"fnMap":{},"branchMap":{},"s":{"0":1,"1":1,"2":1},"f":{},"b":{},"_coverageSchema":"1a1c01bbd47fc00a2c39e90264f33305004495a9","hash":"14cd88ac14b806cd47ca1e46791db4887b6764bc"}
,"C:\\Users\\user\\Documents\\GitHub\\AprenTIC_API_Proyecto03\\src\\models\\Alumno.js": {"path":"C:\\Users\\user\\Documents\\GitHub\\AprenTIC_API_Proyecto03\\src\\models\\Alumno.js","statementMap":{"0":{"start":{"line":1,"column":17},"end":{"line":1,"column":36}},"1":{"start":{"line":3,"column":21},"end":{"line":17,"column":2}},"2":{"start":{"line":19,"column":0},"end":{"line":19,"column":66}}},"fnMap":{},"branchMap":{},"s":{"0":1,"1":1,"2":1},"f":{},"b":{},"_coverageSchema":"1a1c01bbd47fc00a2c39e90264f33305004495a9","hash":"7280085c0bf945985414916e1809ede644ec4856"}
,"C:\\Users\\user\\Documents\\GitHub\\AprenTIC_API_Proyecto03\\src\\models\\Curso.js": {"path":"C:\\Users\\user\\Documents\\GitHub\\AprenTIC_API_Proyecto03\\src\\models\\Curso.js","statementMap":{"0":{"start":{"line":1,"column":17},"end":{"line":1,"column":36}},"1":{"start":{"line":3,"column":20},"end":{"line":10,"column":2}},"2":{"start":{"line":12,"column":0},"end":{"line":12,"column":63}}},"fnMap":{},"branchMap":{},"s":{"0":1,"1":1,"2":1},"f":{},"b":{},"_coverageSchema":"1a1c01bbd47fc00a2c39e90264f33305004495a9","hash":"77822099f1330b5c031bbe8a45b0595cd5f3fc70"}
,"C:\\Users\\user\\Documents\\GitHub\\AprenTIC_API_Proyecto03\\src\\models\\Nota.js": {"path":"C:\\Users\\user\\Documents\\GitHub\\AprenTIC_API_Proyecto03\\src\\models\\Nota.js","statementMap":{"0":{"start":{"line":1,"column":17},"end":{"line":1,"column":36}},"1":{"start":{"line":3,"column":19},"end":{"line":10,"column":2}},"2":{"start":{"line":12,"column":0},"end":{"line":12,"column":60}}},"fnMap":{},"branchMap":{},"s":{"0":1,"1":1,"2":1},"f":{},"b":{},"_coverageSchema":"1a1c01bbd47fc00a2c39e90264f33305004495a9","hash":"3ff69a4792f380c0be7b2b9a02abe16b6fb05d4d"}
,"C:\\Users\\user\\Documents\\GitHub\\AprenTIC_API_Proyecto03\\src\\models\\Profesor.js": {"path":"C:\\Users\\user\\Documents\\GitHub\\AprenTIC_API_Proyecto03\\src\\models\\Profesor.js","statementMap":{"0":{"start":{"line":1,"column":17},"end":{"line":1,"column":36}},"1":{"start":{"line":3,"column":23},"end":{"line":11,"column":2}},"2":{"start":{"line":13,"column":0},"end":{"line":13,"column":72}}},"fnMap":{},"branchMap":{},"s":{"0":2,"1":2,"2":2},"f":{},"b":{},"_coverageSchema":"1a1c01bbd47fc00a2c39e90264f33305004495a9","hash":"effa6259cbb720012598186017a99964c5f1bbd1"}
,"C:\\Users\\user\\Documents\\GitHub\\AprenTIC_API_Proyecto03\\src\\models\\Proyecto.js": {"path":"C:\\Users\\user\\Documents\\GitHub\\AprenTIC_API_Proyecto03\\src\\models\\Proyecto.js","statementMap":{"0":{"start":{"line":1,"column":17},"end":{"line":1,"column":36}},"1":{"start":{"line":3,"column":23},"end":{"line":8,"column":2}},"2":{"start":{"line":10,"column":0},"end":{"line":10,"column":72}}},"fnMap":{},"branchMap":{},"s":{"0":1,"1":1,"2":1},"f":{},"b":{},"_coverageSchema":"1a1c01bbd47fc00a2c39e90264f33305004495a9","hash":"a0079171d903daf679e2d357a81d1dcc5f5c4fe9"}
,"C:\\Users\\user\\Documents\\GitHub\\AprenTIC_API_Proyecto03\\src\\models\\User.js": {"path":"C:\\Users\\user\\Documents\\GitHub\\AprenTIC_API_Proyecto03\\src\\models\\User.js","statementMap":{"0":{"start":{"line":1,"column":17},"end":{"line":1,"column":36}},"1":{"start":{"line":3,"column":19},"end":{"line":19,"column":1}},"2":{"start":{"line":21,"column":0},"end":{"line":21,"column":60}}},"fnMap":{},"branchMap":{},"s":{"0":1,"1":1,"2":1},"f":{},"b":{},"_coverageSchema":"1a1c01bbd47fc00a2c39e90264f33305004495a9","hash":"29a7a3fc9ff345f663d7d3c61bf666f7141574d3"}
,"C:\\Users\\user\\Documents\\GitHub\\AprenTIC_API_Proyecto03\\src\\routes\\adminRoutes.js": {"path":"C:\\Users\\user\\Documents\\GitHub\\AprenTIC_API_Proyecto03\\src\\routes\\adminRoutes.js","statementMap":{"0":{"start":{"line":1,"column":15},"end":{"line":1,"column":42}},"1":{"start":{"line":2,"column":13},"end":{"line":2,"column":54}},"2":{"start":{"line":3,"column":17},"end":{"line":3,"column":51}},"3":{"start":{"line":4,"column":21},"end":{"line":4,"column":58}},"4":{"start":{"line":5,"column":17},"end":{"line":5,"column":45}},"5":{"start":{"line":6,"column":20},"end":{"line":6,"column":56}},"6":{"start":{"line":8,"column":24},"end":{"line":29,"column":1}},"7":{"start":{"line":31,"column":0},"end":{"line":31,"column":25}},"8":{"start":{"line":60,"column":0},"end":{"line":60,"column":37}},"9":{"start":{"line":61,"column":0},"end":{"line":61,"column":62}},"10":{"start":{"line":62,"column":0},"end":{"line":62,"column":64}},"11":{"start":{"line":63,"column":0},"end":{"line":63,"column":40}},"12":{"start":{"line":65,"column":0},"end":{"line":65,"column":24}}},"fnMap":{},"branchMap":{},"s":{"0":1,"1":1,"2":1,"3":1,"4":1,"5":1,"6":1,"7":1,"8":1,"9":1,"10":1,"11":1,"12":1},"f":{},"b":{},"_coverageSchema":"1a1c01bbd47fc00a2c39e90264f33305004495a9","hash":"5a0fcde6a2a4ead770e2082b50cb497e4251acb8"}
,"C:\\Users\\user\\Documents\\GitHub\\AprenTIC_API_Proyecto03\\src\\routes\\alumnoRoutes.js": {"path":"C:\\Users\\user\\Documents\\GitHub\\AprenTIC_API_Proyecto03\\src\\routes\\alumnoRoutes.js","statementMap":{"0":{"start":{"line":1,"column":15},"end":{"line":1,"column":42}},"1":{"start":{"line":2,"column":13},"end":{"line":2,"column":55}},"2":{"start":{"line":3,"column":17},"end":{"line":3,"column":51}},"3":{"start":{"line":4,"column":17},"end":{"line":4,"column":45}},"4":{"start":{"line":6,"column":25},"end":{"line":13,"column":1}},"5":{"start":{"line":15,"column":0},"end":{"line":15,"column":32}},"6":{"start":{"line":16,"column":0},"end":{"line":16,"column":38}},"7":{"start":{"line":17,"column":0},"end":{"line":17,"column":64}},"8":{"start":{"line":18,"column":0},"end":{"line":18,"column":66}},"9":{"start":{"line":19,"column":0},"end":{"line":19,"column":41}},"10":{"start":{"line":21,"column":0},"end":{"line":21,"column":24}}},"fnMap":{},"branchMap":{},"s":{"0":1,"1":1,"2":1,"3":1,"4":1,"5":1,"6":1,"7":1,"8":1,"9":1,"10":1},"f":{},"b":{},"_coverageSchema":"1a1c01bbd47fc00a2c39e90264f33305004495a9","hash":"16953232f92540fbc8ea2dd2b036381e9b576dbc"}
,"C:\\Users\\user\\Documents\\GitHub\\AprenTIC_API_Proyecto03\\src\\routes\\authRoutes.js": {"path":"C:\\Users\\user\\Documents\\GitHub\\AprenTIC_API_Proyecto03\\src\\routes\\authRoutes.js","statementMap":{"0":{"start":{"line":1,"column":15},"end":{"line":1,"column":42}},"1":{"start":{"line":2,"column":17},"end":{"line":2,"column":45}},"2":{"start":{"line":3,"column":17},"end":{"line":3,"column":51}},"3":{"start":{"line":4,"column":13},"end":{"line":4,"column":53}},"4":{"start":{"line":6,"column":23},"end":{"line":19,"column":1}},"5":{"start":{"line":21,"column":20},"end":{"line":28,"column":1}},"6":{"start":{"line":30,"column":0},"end":{"line":30,"column":66}},"7":{"start":{"line":65,"column":0},"end":{"line":65,"column":57}},"8":{"start":{"line":67,"column":0},"end":{"line":67,"column":24}}},"fnMap":{},"branchMap":{},"s":{"0":1,"1":1,"2":1,"3":1,"4":1,"5":1,"6":1,"7":1,"8":1},"f":{},"b":{},"_coverageSchema":"1a1c01bbd47fc00a2c39e90264f33305004495a9","hash":"765f7f55efa1660317828028a343e4807f41f848"}
,"C:\\Users\\user\\Documents\\GitHub\\AprenTIC_API_Proyecto03\\src\\routes\\cursoRoutes.js": {"path":"C:\\Users\\user\\Documents\\GitHub\\AprenTIC_API_Proyecto03\\src\\routes\\cursoRoutes.js","statementMap":{"0":{"start":{"line":1,"column":15},"end":{"line":1,"column":42}},"1":{"start":{"line":2,"column":13},"end":{"line":2,"column":54}},"2":{"start":{"line":3,"column":17},"end":{"line":3,"column":51}},"3":{"start":{"line":4,"column":17},"end":{"line":4,"column":45}},"4":{"start":{"line":6,"column":24},"end":{"line":13,"column":1}},"5":{"start":{"line":15,"column":0},"end":{"line":15,"column":32}},"6":{"start":{"line":16,"column":0},"end":{"line":16,"column":38}},"7":{"start":{"line":17,"column":0},"end":{"line":17,"column":62}},"8":{"start":{"line":18,"column":0},"end":{"line":18,"column":64}},"9":{"start":{"line":19,"column":0},"end":{"line":19,"column":40}},"10":{"start":{"line":21,"column":0},"end":{"line":21,"column":24}}},"fnMap":{},"branchMap":{},"s":{"0":1,"1":1,"2":1,"3":1,"4":1,"5":1,"6":1,"7":1,"8":1,"9":1,"10":1},"f":{},"b":{},"_coverageSchema":"1a1c01bbd47fc00a2c39e90264f33305004495a9","hash":"a368a0881c8229ad55ce502406f3e17f2f085ba4"}
,"C:\\Users\\user\\Documents\\GitHub\\AprenTIC_API_Proyecto03\\src\\routes\\notaRoutes.js": {"path":"C:\\Users\\user\\Documents\\GitHub\\AprenTIC_API_Proyecto03\\src\\routes\\notaRoutes.js","statementMap":{"0":{"start":{"line":1,"column":15},"end":{"line":1,"column":42}},"1":{"start":{"line":2,"column":13},"end":{"line":2,"column":53}},"2":{"start":{"line":3,"column":17},"end":{"line":3,"column":51}},"3":{"start":{"line":4,"column":17},"end":{"line":4,"column":45}},"4":{"start":{"line":6,"column":23},"end":{"line":13,"column":1}},"5":{"start":{"line":15,"column":0},"end":{"line":15,"column":31}},"6":{"start":{"line":16,"column":0},"end":{"line":16,"column":37}},"7":{"start":{"line":17,"column":0},"end":{"line":17,"column":60}},"8":{"start":{"line":18,"column":0},"end":{"line":18,"column":62}},"9":{"start":{"line":19,"column":0},"end":{"line":19,"column":39}},"10":{"start":{"line":21,"column":0},"end":{"line":21,"column":24}}},"fnMap":{},"branchMap":{},"s":{"0":1,"1":1,"2":1,"3":1,"4":1,"5":1,"6":1,"7":1,"8":1,"9":1,"10":1},"f":{},"b":{},"_coverageSchema":"1a1c01bbd47fc00a2c39e90264f33305004495a9","hash":"979415a1df7867a779db90132ca48d96a2a0999a"}
,"C:\\Users\\user\\Documents\\GitHub\\AprenTIC_API_Proyecto03\\src\\routes\\profesorRoutes.js": {"path":"C:\\Users\\user\\Documents\\GitHub\\AprenTIC_API_Proyecto03\\src\\routes\\profesorRoutes.js","statementMap":{"0":{"start":{"line":1,"column":15},"end":{"line":1,"column":42}},"1":{"start":{"line":2,"column":13},"end":{"line":2,"column":57}},"2":{"start":{"line":3,"column":17},"end":{"line":3,"column":51}},"3":{"start":{"line":4,"column":21},"end":{"line":4,"column":58}},"4":{"start":{"line":5,"column":17},"end":{"line":5,"column":45}},"5":{"start":{"line":6,"column":20},"end":{"line":6,"column":56}},"6":{"start":{"line":8,"column":27},"end":{"line":28,"column":1}},"7":{"start":{"line":30,"column":0},"end":{"line":30,"column":25}},"8":{"start":{"line":45,"column":0},"end":{"line":45,"column":34}},"9":{"start":{"line":46,"column":0},"end":{"line":46,"column":47}},"10":{"start":{"line":47,"column":0},"end":{"line":47,"column":68}},"11":{"start":{"line":48,"column":0},"end":{"line":48,"column":70}},"12":{"start":{"line":49,"column":0},"end":{"line":49,"column":43}},"13":{"start":{"line":51,"column":0},"end":{"line":51,"column":24}}},"fnMap":{},"branchMap":{},"s":{"0":1,"1":1,"2":1,"3":1,"4":1,"5":1,"6":1,"7":1,"8":1,"9":1,"10":1,"11":1,"12":1,"13":1},"f":{},"b":{},"_coverageSchema":"1a1c01bbd47fc00a2c39e90264f33305004495a9","hash":"74785fc6710ae80aa5cf1e94a410f7c7bf6a7314"}
,"C:\\Users\\user\\Documents\\GitHub\\AprenTIC_API_Proyecto03\\src\\routes\\proyectoRoutes.js": {"path":"C:\\Users\\user\\Documents\\GitHub\\AprenTIC_API_Proyecto03\\src\\routes\\proyectoRoutes.js","statementMap":{"0":{"start":{"line":1,"column":15},"end":{"line":1,"column":42}},"1":{"start":{"line":2,"column":13},"end":{"line":2,"column":57}},"2":{"start":{"line":3,"column":17},"end":{"line":3,"column":51}},"3":{"start":{"line":4,"column":17},"end":{"line":4,"column":45}},"4":{"start":{"line":6,"column":27},"end":{"line":11,"column":1}},"5":{"start":{"line":13,"column":0},"end":{"line":13,"column":35}},"6":{"start":{"line":14,"column":0},"end":{"line":14,"column":41}},"7":{"start":{"line":15,"column":0},"end":{"line":15,"column":68}},"8":{"start":{"line":16,"column":0},"end":{"line":16,"column":70}},"9":{"start":{"line":17,"column":0},"end":{"line":17,"column":43}},"10":{"start":{"line":19,"column":0},"end":{"line":19,"column":24}}},"fnMap":{},"branchMap":{},"s":{"0":1,"1":1,"2":1,"3":1,"4":1,"5":1,"6":1,"7":1,"8":1,"9":1,"10":1},"f":{},"b":{},"_coverageSchema":"1a1c01bbd47fc00a2c39e90264f33305004495a9","hash":"bed0f1e07d0f9118b6131298e17e817311416756"}
,"C:\\Users\\user\\Documents\\GitHub\\AprenTIC_API_Proyecto03\\src\\services\\adminService.js": {"path":"C:\\Users\\user\\Documents\\GitHub\\AprenTIC_API_Proyecto03\\src\\services\\adminService.js","statementMap":{"0":{"start":{"line":1,"column":14},"end":{"line":1,"column":40}},"1":{"start":{"line":3,"column":0},"end":{"line":3,"column":36}},"2":{"start":{"line":3,"column":23},"end":{"line":3,"column":35}},"3":{"start":{"line":4,"column":0},"end":{"line":4,"column":45}},"4":{"start":{"line":4,"column":26},"end":{"line":4,"column":44}},"5":{"start":{"line":5,"column":0},"end":{"line":5,"column":57}},"6":{"start":{"line":5,"column":32},"end":{"line":5,"column":56}},"7":{"start":{"line":6,"column":0},"end":{"line":6,"column":46}},"8":{"start":{"line":6,"column":27},"end":{"line":6,"column":45}},"9":{"start":{"line":7,"column":0},"end":{"line":7,"column":75}},"10":{"start":{"line":7,"column":36},"end":{"line":7,"column":74}},"11":{"start":{"line":8,"column":0},"end":{"line":8,"column":53}},"12":{"start":{"line":8,"column":25},"end":{"line":8,"column":52}}},"fnMap":{"0":{"name":"(anonymous_0)","decl":{"start":{"line":3,"column":17},"end":{"line":3,"column":18}},"loc":{"start":{"line":3,"column":23},"end":{"line":3,"column":35}},"line":3},"1":{"name":"(anonymous_1)","decl":{"start":{"line":4,"column":18},"end":{"line":4,"column":19}},"loc":{"start":{"line":4,"column":26},"end":{"line":4,"column":44}},"line":4},"2":{"name":"(anonymous_2)","decl":{"start":{"line":5,"column":21},"end":{"line":5,"column":22}},"loc":{"start":{"line":5,"column":32},"end":{"line":5,"column":56}},"line":5},"3":{"name":"(anonymous_3)","decl":{"start":{"line":6,"column":17},"end":{"line":6,"column":18}},"loc":{"start":{"line":6,"column":27},"end":{"line":6,"column":45}},"line":6},"4":{"name":"(anonymous_4)","decl":{"start":{"line":7,"column":17},"end":{"line":7,"column":18}},"loc":{"start":{"line":7,"column":36},"end":{"line":7,"column":74}},"line":7},"5":{"name":"(anonymous_5)","decl":{"start":{"line":8,"column":17},"end":{"line":8,"column":18}},"loc":{"start":{"line":8,"column":25},"end":{"line":8,"column":52}},"line":8}},"branchMap":{},"s":{"0":1,"1":1,"2":0,"3":1,"4":0,"5":1,"6":0,"7":1,"8":0,"9":1,"10":0,"11":1,"12":0},"f":{"0":0,"1":0,"2":0,"3":0,"4":0,"5":0},"b":{},"_coverageSchema":"1a1c01bbd47fc00a2c39e90264f33305004495a9","hash":"ddfe2105d99fcfd7f3e852c902205b3bd0f71fb0"}
,"C:\\Users\\user\\Documents\\GitHub\\AprenTIC_API_Proyecto03\\src\\services\\alumnoService.js": {"path":"C:\\Users\\user\\Documents\\GitHub\\AprenTIC_API_Proyecto03\\src\\services\\alumnoService.js","statementMap":{"0":{"start":{"line":1,"column":15},"end":{"line":1,"column":42}},"1":{"start":{"line":3,"column":0},"end":{"line":3,"column":65}},"2":{"start":{"line":3,"column":23},"end":{"line":3,"column":64}},"3":{"start":{"line":4,"column":0},"end":{"line":4,"column":74}},"4":{"start":{"line":4,"column":26},"end":{"line":4,"column":73}},"5":{"start":{"line":5,"column":0},"end":{"line":5,"column":58}},"6":{"start":{"line":5,"column":32},"end":{"line":5,"column":57}},"7":{"start":{"line":6,"column":0},"end":{"line":6,"column":47}},"8":{"start":{"line":6,"column":27},"end":{"line":6,"column":46}},"9":{"start":{"line":7,"column":0},"end":{"line":7,"column":78}},"10":{"start":{"line":7,"column":37},"end":{"line":7,"column":77}},"11":{"start":{"line":8,"column":0},"end":{"line":8,"column":54}},"12":{"start":{"line":8,"column":25},"end":{"line":8,"column":53}}},"fnMap":{"0":{"name":"(anonymous_0)","decl":{"start":{"line":3,"column":17},"end":{"line":3,"column":18}},"loc":{"start":{"line":3,"column":23},"end":{"line":3,"column":64}},"line":3},"1":{"name":"(anonymous_1)","decl":{"start":{"line":4,"column":18},"end":{"line":4,"column":19}},"loc":{"start":{"line":4,"column":26},"end":{"line":4,"column":73}},"line":4},"2":{"name":"(anonymous_2)","decl":{"start":{"line":5,"column":21},"end":{"line":5,"column":22}},"loc":{"start":{"line":5,"column":32},"end":{"line":5,"column":57}},"line":5},"3":{"name":"(anonymous_3)","decl":{"start":{"line":6,"column":17},"end":{"line":6,"column":18}},"loc":{"start":{"line":6,"column":27},"end":{"line":6,"column":46}},"line":6},"4":{"name":"(anonymous_4)","decl":{"start":{"line":7,"column":17},"end":{"line":7,"column":18}},"loc":{"start":{"line":7,"column":37},"end":{"line":7,"column":77}},"line":7},"5":{"name":"(anonymous_5)","decl":{"start":{"line":8,"column":17},"end":{"line":8,"column":18}},"loc":{"start":{"line":8,"column":25},"end":{"line":8,"column":53}},"line":8}},"branchMap":{},"s":{"0":1,"1":1,"2":0,"3":1,"4":0,"5":1,"6":0,"7":1,"8":0,"9":1,"10":0,"11":1,"12":0},"f":{"0":0,"1":0,"2":0,"3":0,"4":0,"5":0},"b":{},"_coverageSchema":"1a1c01bbd47fc00a2c39e90264f33305004495a9","hash":"b5cff0df2dbda360a658e0aed83b4d2bbb7a6c50"}
,"C:\\Users\\user\\Documents\\GitHub\\AprenTIC_API_Proyecto03\\src\\services\\authService.js": {"path":"C:\\Users\\user\\Documents\\GitHub\\AprenTIC_API_Proyecto03\\src\\services\\authService.js","statementMap":{"0":{"start":{"line":1,"column":13},"end":{"line":1,"column":38}},"1":{"start":{"line":3,"column":0},"end":{"line":3,"column":60}},"2":{"start":{"line":3,"column":36},"end":{"line":3,"column":59}},"3":{"start":{"line":4,"column":0},"end":{"line":4,"column":44}},"4":{"start":{"line":4,"column":26},"end":{"line":4,"column":43}}},"fnMap":{"0":{"name":"(anonymous_0)","decl":{"start":{"line":3,"column":25},"end":{"line":3,"column":26}},"loc":{"start":{"line":3,"column":36},"end":{"line":3,"column":59}},"line":3},"1":{"name":"(anonymous_1)","decl":{"start":{"line":4,"column":16},"end":{"line":4,"column":17}},"loc":{"start":{"line":4,"column":26},"end":{"line":4,"column":43}},"line":4}},"branchMap":{},"s":{"0":1,"1":1,"2":1,"3":1,"4":1},"f":{"0":1,"1":1},"b":{},"_coverageSchema":"1a1c01bbd47fc00a2c39e90264f33305004495a9","hash":"c2137a35c7780badc539dabc706b14ed0c1c7056"}
,"C:\\Users\\user\\Documents\\GitHub\\AprenTIC_API_Proyecto03\\src\\services\\cursoService.js": {"path":"C:\\Users\\user\\Documents\\GitHub\\AprenTIC_API_Proyecto03\\src\\services\\cursoService.js","statementMap":{"0":{"start":{"line":1,"column":14},"end":{"line":1,"column":40}},"1":{"start":{"line":3,"column":0},"end":{"line":3,"column":77}},"2":{"start":{"line":3,"column":23},"end":{"line":3,"column":76}},"3":{"start":{"line":4,"column":0},"end":{"line":4,"column":86}},"4":{"start":{"line":4,"column":26},"end":{"line":4,"column":85}},"5":{"start":{"line":5,"column":0},"end":{"line":5,"column":46}},"6":{"start":{"line":5,"column":27},"end":{"line":5,"column":45}},"7":{"start":{"line":6,"column":0},"end":{"line":6,"column":75}},"8":{"start":{"line":6,"column":36},"end":{"line":6,"column":74}},"9":{"start":{"line":7,"column":0},"end":{"line":7,"column":53}},"10":{"start":{"line":7,"column":25},"end":{"line":7,"column":52}}},"fnMap":{"0":{"name":"(anonymous_0)","decl":{"start":{"line":3,"column":17},"end":{"line":3,"column":18}},"loc":{"start":{"line":3,"column":23},"end":{"line":3,"column":76}},"line":3},"1":{"name":"(anonymous_1)","decl":{"start":{"line":4,"column":18},"end":{"line":4,"column":19}},"loc":{"start":{"line":4,"column":26},"end":{"line":4,"column":85}},"line":4},"2":{"name":"(anonymous_2)","decl":{"start":{"line":5,"column":17},"end":{"line":5,"column":18}},"loc":{"start":{"line":5,"column":27},"end":{"line":5,"column":45}},"line":5},"3":{"name":"(anonymous_3)","decl":{"start":{"line":6,"column":17},"end":{"line":6,"column":18}},"loc":{"start":{"line":6,"column":36},"end":{"line":6,"column":74}},"line":6},"4":{"name":"(anonymous_4)","decl":{"start":{"line":7,"column":17},"end":{"line":7,"column":18}},"loc":{"start":{"line":7,"column":25},"end":{"line":7,"column":52}},"line":7}},"branchMap":{},"s":{"0":1,"1":1,"2":0,"3":1,"4":0,"5":1,"6":0,"7":1,"8":0,"9":1,"10":0},"f":{"0":0,"1":0,"2":0,"3":0,"4":0},"b":{},"_coverageSchema":"1a1c01bbd47fc00a2c39e90264f33305004495a9","hash":"6a6130be521a16142a73fa82c4bfeec2608ca15f"}
,"C:\\Users\\user\\Documents\\GitHub\\AprenTIC_API_Proyecto03\\src\\services\\notaService.js": {"path":"C:\\Users\\user\\Documents\\GitHub\\AprenTIC_API_Proyecto03\\src\\services\\notaService.js","statementMap":{"0":{"start":{"line":1,"column":13},"end":{"line":1,"column":38}},"1":{"start":{"line":3,"column":0},"end":{"line":3,"column":110}},"2":{"start":{"line":3,"column":23},"end":{"line":3,"column":109}},"3":{"start":{"line":4,"column":0},"end":{"line":4,"column":119}},"4":{"start":{"line":4,"column":26},"end":{"line":4,"column":118}},"5":{"start":{"line":5,"column":0},"end":{"line":5,"column":104}},"6":{"start":{"line":5,"column":36},"end":{"line":5,"column":103}},"7":{"start":{"line":6,"column":0},"end":{"line":6,"column":45}},"8":{"start":{"line":6,"column":27},"end":{"line":6,"column":44}},"9":{"start":{"line":7,"column":0},"end":{"line":7,"column":72}},"10":{"start":{"line":7,"column":35},"end":{"line":7,"column":71}},"11":{"start":{"line":8,"column":0},"end":{"line":8,"column":52}},"12":{"start":{"line":8,"column":25},"end":{"line":8,"column":51}}},"fnMap":{"0":{"name":"(anonymous_0)","decl":{"start":{"line":3,"column":17},"end":{"line":3,"column":18}},"loc":{"start":{"line":3,"column":23},"end":{"line":3,"column":109}},"line":3},"1":{"name":"(anonymous_1)","decl":{"start":{"line":4,"column":18},"end":{"line":4,"column":19}},"loc":{"start":{"line":4,"column":26},"end":{"line":4,"column":118}},"line":4},"2":{"name":"(anonymous_2)","decl":{"start":{"line":5,"column":22},"end":{"line":5,"column":23}},"loc":{"start":{"line":5,"column":36},"end":{"line":5,"column":103}},"line":5},"3":{"name":"(anonymous_3)","decl":{"start":{"line":6,"column":17},"end":{"line":6,"column":18}},"loc":{"start":{"line":6,"column":27},"end":{"line":6,"column":44}},"line":6},"4":{"name":"(anonymous_4)","decl":{"start":{"line":7,"column":17},"end":{"line":7,"column":18}},"loc":{"start":{"line":7,"column":35},"end":{"line":7,"column":71}},"line":7},"5":{"name":"(anonymous_5)","decl":{"start":{"line":8,"column":17},"end":{"line":8,"column":18}},"loc":{"start":{"line":8,"column":25},"end":{"line":8,"column":51}},"line":8}},"branchMap":{},"s":{"0":1,"1":1,"2":0,"3":1,"4":0,"5":1,"6":0,"7":1,"8":0,"9":1,"10":0,"11":1,"12":0},"f":{"0":0,"1":0,"2":0,"3":0,"4":0,"5":0},"b":{},"_coverageSchema":"1a1c01bbd47fc00a2c39e90264f33305004495a9","hash":"afc4a3a163c7f44d6a39d9ab04a2ab04167ce634"}
,"C:\\Users\\user\\Documents\\GitHub\\AprenTIC_API_Proyecto03\\src\\services\\profesorService.js": {"path":"C:\\Users\\user\\Documents\\GitHub\\AprenTIC_API_Proyecto03\\src\\services\\profesorService.js","statementMap":{"0":{"start":{"line":1,"column":17},"end":{"line":1,"column":46}},"1":{"start":{"line":3,"column":0},"end":{"line":3,"column":39}},"2":{"start":{"line":3,"column":23},"end":{"line":3,"column":38}},"3":{"start":{"line":4,"column":0},"end":{"line":4,"column":48}},"4":{"start":{"line":4,"column":26},"end":{"line":4,"column":47}},"5":{"start":{"line":5,"column":0},"end":{"line":5,"column":59}},"6":{"start":{"line":5,"column":32},"end":{"line":5,"column":58}},"7":{"start":{"line":6,"column":0},"end":{"line":6,"column":49}},"8":{"start":{"line":6,"column":27},"end":{"line":6,"column":48}},"9":{"start":{"line":7,"column":0},"end":{"line":7,"column":84}},"10":{"start":{"line":7,"column":39},"end":{"line":7,"column":83}},"11":{"start":{"line":8,"column":0},"end":{"line":8,"column":56}},"12":{"start":{"line":8,"column":25},"end":{"line":8,"column":55}}},"fnMap":{"0":{"name":"(anonymous_0)","decl":{"start":{"line":3,"column":17},"end":{"line":3,"column":18}},"loc":{"start":{"line":3,"column":23},"end":{"line":3,"column":38}},"line":3},"1":{"name":"(anonymous_1)","decl":{"start":{"line":4,"column":18},"end":{"line":4,"column":19}},"loc":{"start":{"line":4,"column":26},"end":{"line":4,"column":47}},"line":4},"2":{"name":"(anonymous_2)","decl":{"start":{"line":5,"column":21},"end":{"line":5,"column":22}},"loc":{"start":{"line":5,"column":32},"end":{"line":5,"column":58}},"line":5},"3":{"name":"(anonymous_3)","decl":{"start":{"line":6,"column":17},"end":{"line":6,"column":18}},"loc":{"start":{"line":6,"column":27},"end":{"line":6,"column":48}},"line":6},"4":{"name":"(anonymous_4)","decl":{"start":{"line":7,"column":17},"end":{"line":7,"column":18}},"loc":{"start":{"line":7,"column":39},"end":{"line":7,"column":83}},"line":7},"5":{"name":"(anonymous_5)","decl":{"start":{"line":8,"column":17},"end":{"line":8,"column":18}},"loc":{"start":{"line":8,"column":25},"end":{"line":8,"column":55}},"line":8}},"branchMap":{},"s":{"0":2,"1":2,"2":1,"3":2,"4":0,"5":2,"6":0,"7":2,"8":0,"9":2,"10":0,"11":2,"12":0},"f":{"0":1,"1":0,"2":0,"3":0,"4":0,"5":0},"b":{},"_coverageSchema":"1a1c01bbd47fc00a2c39e90264f33305004495a9","hash":"34ea69cb7f8c847b1563620ec10605337cc1fb7b"}
,"C:\\Users\\user\\Documents\\GitHub\\AprenTIC_API_Proyecto03\\src\\services\\proyectoService.js": {"path":"C:\\Users\\user\\Documents\\GitHub\\AprenTIC_API_Proyecto03\\src\\services\\proyectoService.js","statementMap":{"0":{"start":{"line":1,"column":17},"end":{"line":1,"column":46}},"1":{"start":{"line":3,"column":0},"end":{"line":3,"column":67}},"2":{"start":{"line":3,"column":23},"end":{"line":3,"column":66}},"3":{"start":{"line":4,"column":0},"end":{"line":4,"column":76}},"4":{"start":{"line":4,"column":26},"end":{"line":4,"column":75}},"5":{"start":{"line":5,"column":0},"end":{"line":5,"column":49}},"6":{"start":{"line":5,"column":27},"end":{"line":5,"column":48}},"7":{"start":{"line":6,"column":0},"end":{"line":6,"column":84}},"8":{"start":{"line":6,"column":39},"end":{"line":6,"column":83}},"9":{"start":{"line":7,"column":0},"end":{"line":7,"column":56}},"10":{"start":{"line":7,"column":25},"end":{"line":7,"column":55}}},"fnMap":{"0":{"name":"(anonymous_0)","decl":{"start":{"line":3,"column":17},"end":{"line":3,"column":18}},"loc":{"start":{"line":3,"column":23},"end":{"line":3,"column":66}},"line":3},"1":{"name":"(anonymous_1)","decl":{"start":{"line":4,"column":18},"end":{"line":4,"column":19}},"loc":{"start":{"line":4,"column":26},"end":{"line":4,"column":75}},"line":4},"2":{"name":"(anonymous_2)","decl":{"start":{"line":5,"column":17},"end":{"line":5,"column":18}},"loc":{"start":{"line":5,"column":27},"end":{"line":5,"column":48}},"line":5},"3":{"name":"(anonymous_3)","decl":{"start":{"line":6,"column":17},"end":{"line":6,"column":18}},"loc":{"start":{"line":6,"column":39},"end":{"line":6,"column":83}},"line":6},"4":{"name":"(anonymous_4)","decl":{"start":{"line":7,"column":17},"end":{"line":7,"column":18}},"loc":{"start":{"line":7,"column":25},"end":{"line":7,"column":55}},"line":7}},"branchMap":{},"s":{"0":1,"1":1,"2":0,"3":1,"4":0,"5":1,"6":0,"7":1,"8":0,"9":1,"10":0},"f":{"0":0,"1":0,"2":0,"3":0,"4":0},"b":{},"_coverageSchema":"1a1c01bbd47fc00a2c39e90264f33305004495a9","hash":"d8d1eb652e31bfcc796b5808d5f3e6acd84baf4a"}
}
